18-Mar-2025 13:40:33.848 INFO [main] org.apache.catalina.startup.VersionLoggerListener.log Nom version serveur :              Apache Tomcat/10.1.39
18-Mar-2025 13:40:33.857 INFO [main] org.apache.catalina.startup.VersionLoggerListener.log Serveur compilé :                  Mar 4 2025 19:02:32 UTC
18-Mar-2025 13:40:33.858 INFO [main] org.apache.catalina.startup.VersionLoggerListener.log Version du serveur :               10.1.39.0
18-Mar-2025 13:40:33.859 INFO [main] org.apache.catalina.startup.VersionLoggerListener.log Nom de l'OS :                      Windows 11
18-Mar-2025 13:40:33.859 INFO [main] org.apache.catalina.startup.VersionLoggerListener.log Version OS :                       10.0
18-Mar-2025 13:40:33.860 INFO [main] org.apache.catalina.startup.VersionLoggerListener.log Architecture :                     amd64
18-Mar-2025 13:40:33.861 INFO [main] org.apache.catalina.startup.VersionLoggerListener.log Java Home :                        C:\Users\ENAA\.jdks\openjdk-23.0.1
18-Mar-2025 13:40:33.862 INFO [main] org.apache.catalina.startup.VersionLoggerListener.log Version JVM :                      23.0.1+11-39
18-Mar-2025 13:40:33.862 INFO [main] org.apache.catalina.startup.VersionLoggerListener.log Fournisseur de la JVM :            Oracle Corporation
18-Mar-2025 13:40:33.862 INFO [main] org.apache.catalina.startup.VersionLoggerListener.log CATALINA_BASE :                    C:\Program Files\Apache Software Foundation\Tomcat 10.1\conf\Catalina\localhost
18-Mar-2025 13:40:33.862 INFO [main] org.apache.catalina.startup.VersionLoggerListener.log CATALINA_HOME :                    C:\Program Files\Apache Software Foundation\Tomcat 10.1
18-Mar-2025 13:40:33.882 INFO [main] org.apache.catalina.startup.VersionLoggerListener.log Argument de la ligne de commande : --add-opens=java.base/java.lang=ALL-UNNAMED
18-Mar-2025 13:40:33.884 INFO [main] org.apache.catalina.startup.VersionLoggerListener.log Argument de la ligne de commande : --add-opens=java.base/java.io=ALL-UNNAMED
18-Mar-2025 13:40:33.884 INFO [main] org.apache.catalina.startup.VersionLoggerListener.log Argument de la ligne de commande : --add-opens=java.base/java.util=ALL-UNNAMED
18-Mar-2025 13:40:33.884 INFO [main] org.apache.catalina.startup.VersionLoggerListener.log Argument de la ligne de commande : --add-opens=java.base/java.util.concurrent=ALL-UNNAMED
18-Mar-2025 13:40:33.885 INFO [main] org.apache.catalina.startup.VersionLoggerListener.log Argument de la ligne de commande : --add-opens=java.rmi/sun.rmi.transport=ALL-UNNAMED
18-Mar-2025 13:40:33.886 INFO [main] org.apache.catalina.startup.VersionLoggerListener.log Argument de la ligne de commande : -Dcatalina.home=C:\Program Files\Apache Software Foundation\Tomcat 10.1
18-Mar-2025 13:40:33.888 INFO [main] org.apache.catalina.startup.VersionLoggerListener.log Argument de la ligne de commande : -Dcatalina.base=C:\Program Files\Apache Software Foundation\Tomcat 10.1\conf\Catalina\localhost
18-Mar-2025 13:40:33.889 INFO [main] org.apache.catalina.startup.VersionLoggerListener.log Argument de la ligne de commande : -Djava.io.tmpdir=C:\Program Files\Apache Software Foundation\Tomcat 10.1\conf\Catalina\localhost\temp
18-Mar-2025 13:40:33.889 INFO [main] org.apache.catalina.startup.VersionLoggerListener.log Argument de la ligne de commande : -Djava.util.logging.config.file=C:\Program Files\Apache Software Foundation\Tomcat 10.1\conf\Catalina\localhost\conf\logging.properties
18-Mar-2025 13:40:33.889 INFO [main] org.apache.catalina.startup.VersionLoggerListener.log Argument de la ligne de commande : -Djava.util.logging.manager=org.apache.juli.ClassLoaderLogManager
18-Mar-2025 13:40:33.890 INFO [main] org.apache.catalina.startup.VersionLoggerListener.log Argument de la ligne de commande : -javaagent:C:\Program Files\JetBrains\IntelliJ IDEA 2024.3\lib\idea_rt.jar=54118:C:\Program Files\JetBrains\IntelliJ IDEA 2024.3\bin
18-Mar-2025 13:40:33.890 INFO [main] org.apache.catalina.startup.VersionLoggerListener.log Argument de la ligne de commande : -Dfile.encoding=UTF-8
18-Mar-2025 13:40:33.890 INFO [main] org.apache.catalina.startup.VersionLoggerListener.log Argument de la ligne de commande : -Dsun.stdout.encoding=UTF-8
18-Mar-2025 13:40:33.890 INFO [main] org.apache.catalina.startup.VersionLoggerListener.log Argument de la ligne de commande : -Dsun.stderr.encoding=UTF-8
18-Mar-2025 13:40:33.901 INFO [main] org.apache.catalina.core.AprLifecycleListener.lifecycleEvent La librairie Apache Tomcat Native basée sur APR qui permet des performances optimales dans les environnements de production n'a pas été trouvée sur le java.library.path : [C:\Users\ENAA\.jdks\openjdk-23.0.1\bin;C:\WINDOWS\Sun\Java\bin;C:\WINDOWS\system32;C:\WINDOWS;%CATALINA_HOME%\bin;C:\WINDOWS\system32;C:\WINDOWS;C:\WINDOWS\System32\Wbem;C:\WINDOWS\System32\WindowsPowerShell\v1.0\;C:\WINDOWS\System32\OpenSSH\;C:\Program Files\Git\cmd;C:\Program Files\Java\jdk-23\bin;%CATALINA_HOME%\bin;C:\WINDOWS\system32;C:\WINDOWS;C:\WINDOWS\System32\Wbem;C:\WINDOWS\System32\WindowsPowerShell\v1.0\;C:\WINDOWS\System32\OpenSSH\;C:\Program Files\Git\cmd;C:\Program Files\Java\jdk-23\bin;;C:\chemin\vers\tomcat\bin;.]
18-Mar-2025 13:40:34.755 INFO [main] org.apache.coyote.AbstractProtocol.init Initialisation du gestionnaire de protocole ["http-nio-8080"]
18-Mar-2025 13:40:34.789 INFO [main] org.apache.catalina.startup.Catalina.load L'initialisation du serveur a pris [1412] millisecondes
18-Mar-2025 13:40:34.973 INFO [main] org.apache.catalina.core.StandardService.startInternal Démarrage du service [Catalina]
18-Mar-2025 13:40:34.973 INFO [main] org.apache.catalina.core.StandardEngine.startInternal Démarrage du moteur de Servlets : [Apache Tomcat/10.1.39]
18-Mar-2025 13:40:35.013 INFO [main] org.apache.catalina.startup.HostConfig.deployDescriptor Déploiement du descripteur de configuration [C:\Program Files\Apache Software Foundation\Tomcat 10.1\conf\Catalina\localhost\conf\Catalina\localhost\ConstructionXpertApp.xml]
18-Mar-2025 13:40:37.045 INFO [main] org.apache.jasper.servlet.TldScanner.scanJars Au moins un fichier JAR a été analysé pour trouver des TLDs mais il n'en contenait pas, le mode "debug" du journal peut être activé pour obtenir une liste complète de JAR scannés sans succès ; éviter d'analyser des JARs inutilement peut améliorer sensiblement le temps de démarrage et le temps de compilation des JSPs
18-Mar-2025 13:40:37.249 INFO [main] org.apache.catalina.startup.HostConfig.deployDescriptor Le traitement du descripteur de déploiement [C:\Program Files\Apache Software Foundation\Tomcat 10.1\conf\Catalina\localhost\conf\Catalina\localhost\ConstructionXpertApp.xml] a pris [2 230] ms
18-Mar-2025 13:40:37.249 INFO [main] org.apache.catalina.startup.HostConfig.deployDescriptor Déploiement du descripteur de configuration [C:\Program Files\Apache Software Foundation\Tomcat 10.1\conf\Catalina\localhost\conf\Catalina\localhost\sportFlow.xml]
18-Mar-2025 13:40:38.384 INFO [main] org.apache.jasper.servlet.TldScanner.scanJars Au moins un fichier JAR a été analysé pour trouver des TLDs mais il n'en contenait pas, le mode "debug" du journal peut être activé pour obtenir une liste complète de JAR scannés sans succès ; éviter d'analyser des JARs inutilement peut améliorer sensiblement le temps de démarrage et le temps de compilation des JSPs
18-Mar-2025 13:40:38.454 INFO [main] org.apache.catalina.startup.HostConfig.deployDescriptor Le traitement du descripteur de déploiement [C:\Program Files\Apache Software Foundation\Tomcat 10.1\conf\Catalina\localhost\conf\Catalina\localhost\sportFlow.xml] a pris [1 204] ms
18-Mar-2025 13:40:38.461 INFO [main] org.apache.coyote.AbstractProtocol.start Démarrage du gestionnaire de protocole ["http-nio-8080"]
18-Mar-2025 13:40:38.516 INFO [main] org.apache.catalina.startup.Catalina.start Le démarrage du serveur a pris [3723] millisecondes
18-Mar-2025 13:41:55.065 INFO [Thread-1] org.apache.coyote.AbstractProtocol.pause Le gestionnaire de protocole ["http-nio-8080"] est mis en pause
18-Mar-2025 13:41:55.070 INFO [Thread-1] org.apache.catalina.core.StandardService.stopInternal Arrêt du service [Catalina]
18-Mar-2025 13:41:55.089 INFO [Thread-1] org.apache.coyote.AbstractProtocol.stop Arrêt du gestionnaire de protocole ["http-nio-8080"]
18-Mar-2025 13:41:55.101 INFO [Thread-1] org.apache.coyote.AbstractProtocol.destroy Destruction du gestionnaire de protocole ["http-nio-8080"]
18-Mar-2025 14:24:59.120 INFO [main] org.apache.catalina.startup.VersionLoggerListener.log Nom version serveur :              Apache Tomcat/10.1.39
18-Mar-2025 14:24:59.131 INFO [main] org.apache.catalina.startup.VersionLoggerListener.log Serveur compilé :                  Mar 4 2025 19:02:32 UTC
18-Mar-2025 14:24:59.131 INFO [main] org.apache.catalina.startup.VersionLoggerListener.log Version du serveur :               10.1.39.0
18-Mar-2025 14:24:59.132 INFO [main] org.apache.catalina.startup.VersionLoggerListener.log Nom de l'OS :                      Windows 11
18-Mar-2025 14:24:59.132 INFO [main] org.apache.catalina.startup.VersionLoggerListener.log Version OS :                       10.0
18-Mar-2025 14:24:59.132 INFO [main] org.apache.catalina.startup.VersionLoggerListener.log Architecture :                     amd64
18-Mar-2025 14:24:59.132 INFO [main] org.apache.catalina.startup.VersionLoggerListener.log Java Home :                        C:\Users\ENAA\.jdks\openjdk-23.0.1
18-Mar-2025 14:24:59.133 INFO [main] org.apache.catalina.startup.VersionLoggerListener.log Version JVM :                      23.0.1+11-39
18-Mar-2025 14:24:59.133 INFO [main] org.apache.catalina.startup.VersionLoggerListener.log Fournisseur de la JVM :            Oracle Corporation
18-Mar-2025 14:24:59.133 INFO [main] org.apache.catalina.startup.VersionLoggerListener.log CATALINA_BASE :                    C:\Program Files\Apache Software Foundation\Tomcat 10.1\conf\Catalina\localhost
18-Mar-2025 14:24:59.134 INFO [main] org.apache.catalina.startup.VersionLoggerListener.log CATALINA_HOME :                    C:\Program Files\Apache Software Foundation\Tomcat 10.1
18-Mar-2025 14:24:59.151 INFO [main] org.apache.catalina.startup.VersionLoggerListener.log Argument de la ligne de commande : --add-opens=java.base/java.lang=ALL-UNNAMED
18-Mar-2025 14:24:59.151 INFO [main] org.apache.catalina.startup.VersionLoggerListener.log Argument de la ligne de commande : --add-opens=java.base/java.io=ALL-UNNAMED
18-Mar-2025 14:24:59.151 INFO [main] org.apache.catalina.startup.VersionLoggerListener.log Argument de la ligne de commande : --add-opens=java.base/java.util=ALL-UNNAMED
18-Mar-2025 14:24:59.151 INFO [main] org.apache.catalina.startup.VersionLoggerListener.log Argument de la ligne de commande : --add-opens=java.base/java.util.concurrent=ALL-UNNAMED
18-Mar-2025 14:24:59.152 INFO [main] org.apache.catalina.startup.VersionLoggerListener.log Argument de la ligne de commande : --add-opens=java.rmi/sun.rmi.transport=ALL-UNNAMED
18-Mar-2025 14:24:59.152 INFO [main] org.apache.catalina.startup.VersionLoggerListener.log Argument de la ligne de commande : -Dcatalina.home=C:\Program Files\Apache Software Foundation\Tomcat 10.1
18-Mar-2025 14:24:59.152 INFO [main] org.apache.catalina.startup.VersionLoggerListener.log Argument de la ligne de commande : -Dcatalina.base=C:\Program Files\Apache Software Foundation\Tomcat 10.1\conf\Catalina\localhost
18-Mar-2025 14:24:59.152 INFO [main] org.apache.catalina.startup.VersionLoggerListener.log Argument de la ligne de commande : -Djava.io.tmpdir=C:\Program Files\Apache Software Foundation\Tomcat 10.1\conf\Catalina\localhost\temp
18-Mar-2025 14:24:59.152 INFO [main] org.apache.catalina.startup.VersionLoggerListener.log Argument de la ligne de commande : -Djava.util.logging.config.file=C:\Program Files\Apache Software Foundation\Tomcat 10.1\conf\Catalina\localhost\conf\logging.properties
18-Mar-2025 14:24:59.152 INFO [main] org.apache.catalina.startup.VersionLoggerListener.log Argument de la ligne de commande : -Djava.util.logging.manager=org.apache.juli.ClassLoaderLogManager
18-Mar-2025 14:24:59.152 INFO [main] org.apache.catalina.startup.VersionLoggerListener.log Argument de la ligne de commande : -javaagent:C:\Program Files\JetBrains\IntelliJ IDEA 2024.3\lib\idea_rt.jar=54997:C:\Program Files\JetBrains\IntelliJ IDEA 2024.3\bin
18-Mar-2025 14:24:59.152 INFO [main] org.apache.catalina.startup.VersionLoggerListener.log Argument de la ligne de commande : -Dfile.encoding=UTF-8
18-Mar-2025 14:24:59.153 INFO [main] org.apache.catalina.startup.VersionLoggerListener.log Argument de la ligne de commande : -Dsun.stdout.encoding=UTF-8
18-Mar-2025 14:24:59.153 INFO [main] org.apache.catalina.startup.VersionLoggerListener.log Argument de la ligne de commande : -Dsun.stderr.encoding=UTF-8
18-Mar-2025 14:24:59.160 INFO [main] org.apache.catalina.core.AprLifecycleListener.lifecycleEvent La librairie Apache Tomcat Native basée sur APR qui permet des performances optimales dans les environnements de production n'a pas été trouvée sur le java.library.path : [C:\Users\ENAA\.jdks\openjdk-23.0.1\bin;C:\WINDOWS\Sun\Java\bin;C:\WINDOWS\system32;C:\WINDOWS;%CATALINA_HOME%\bin;C:\WINDOWS\system32;C:\WINDOWS;C:\WINDOWS\System32\Wbem;C:\WINDOWS\System32\WindowsPowerShell\v1.0\;C:\WINDOWS\System32\OpenSSH\;C:\Program Files\Git\cmd;C:\Program Files\Java\jdk-23\bin;%CATALINA_HOME%\bin;C:\WINDOWS\system32;C:\WINDOWS;C:\WINDOWS\System32\Wbem;C:\WINDOWS\System32\WindowsPowerShell\v1.0\;C:\WINDOWS\System32\OpenSSH\;C:\Program Files\Git\cmd;C:\Program Files\Java\jdk-23\bin;;C:\chemin\vers\tomcat\bin;.]
18-Mar-2025 14:24:59.941 INFO [main] org.apache.coyote.AbstractProtocol.init Initialisation du gestionnaire de protocole ["http-nio-8080"]
18-Mar-2025 14:24:59.974 INFO [main] org.apache.catalina.startup.Catalina.load L'initialisation du serveur a pris [1290] millisecondes
18-Mar-2025 14:25:00.098 INFO [main] org.apache.catalina.core.StandardService.startInternal Démarrage du service [Catalina]
18-Mar-2025 14:25:00.099 INFO [main] org.apache.catalina.core.StandardEngine.startInternal Démarrage du moteur de Servlets : [Apache Tomcat/10.1.39]
18-Mar-2025 14:25:00.128 INFO [main] org.apache.catalina.startup.HostConfig.deployDescriptor Déploiement du descripteur de configuration [C:\Program Files\Apache Software Foundation\Tomcat 10.1\conf\Catalina\localhost\conf\Catalina\localhost\ConstructionXpertApp.xml]
18-Mar-2025 14:25:02.276 INFO [main] org.apache.jasper.servlet.TldScanner.scanJars Au moins un fichier JAR a été analysé pour trouver des TLDs mais il n'en contenait pas, le mode "debug" du journal peut être activé pour obtenir une liste complète de JAR scannés sans succès ; éviter d'analyser des JARs inutilement peut améliorer sensiblement le temps de démarrage et le temps de compilation des JSPs
18-Mar-2025 14:25:02.411 INFO [main] org.apache.catalina.startup.HostConfig.deployDescriptor Le traitement du descripteur de déploiement [C:\Program Files\Apache Software Foundation\Tomcat 10.1\conf\Catalina\localhost\conf\Catalina\localhost\ConstructionXpertApp.xml] a pris [2 279] ms
18-Mar-2025 14:25:02.411 INFO [main] org.apache.catalina.startup.HostConfig.deployDescriptor Déploiement du descripteur de configuration [C:\Program Files\Apache Software Foundation\Tomcat 10.1\conf\Catalina\localhost\conf\Catalina\localhost\sportFlow.xml]
18-Mar-2025 14:25:03.347 INFO [main] org.apache.jasper.servlet.TldScanner.scanJars Au moins un fichier JAR a été analysé pour trouver des TLDs mais il n'en contenait pas, le mode "debug" du journal peut être activé pour obtenir une liste complète de JAR scannés sans succès ; éviter d'analyser des JARs inutilement peut améliorer sensiblement le temps de démarrage et le temps de compilation des JSPs
18-Mar-2025 14:25:03.394 INFO [main] org.apache.catalina.startup.HostConfig.deployDescriptor Le traitement du descripteur de déploiement [C:\Program Files\Apache Software Foundation\Tomcat 10.1\conf\Catalina\localhost\conf\Catalina\localhost\sportFlow.xml] a pris [983] ms
18-Mar-2025 14:25:03.404 INFO [main] org.apache.coyote.AbstractProtocol.start Démarrage du gestionnaire de protocole ["http-nio-8080"]
18-Mar-2025 14:25:03.461 INFO [main] org.apache.catalina.startup.Catalina.start Le démarrage du serveur a pris [3483] millisecondes
18-Mar-2025 14:25:27.309 INFO [Thread-1] org.apache.coyote.AbstractProtocol.pause Le gestionnaire de protocole ["http-nio-8080"] est mis en pause
18-Mar-2025 14:25:27.312 INFO [Thread-1] org.apache.catalina.core.StandardService.stopInternal Arrêt du service [Catalina]
18-Mar-2025 14:25:27.326 INFO [Thread-1] org.apache.coyote.AbstractProtocol.stop Arrêt du gestionnaire de protocole ["http-nio-8080"]
18-Mar-2025 14:25:27.352 INFO [Thread-1] org.apache.coyote.AbstractProtocol.destroy Destruction du gestionnaire de protocole ["http-nio-8080"]
